{"/home/ubuntu/commerce-demo/frontend/frontend-app/src/App.tsx": {"path":"/home/ubuntu/commerce-demo/frontend/frontend-app/src/App.tsx","statementMap":{"0":{"start":{"line":1,"column":0},"end":{"line":1,"column":74}},"1":{"start":{"line":2,"column":0},"end":{"line":2,"column":54}},"2":{"start":{"line":3,"column":0},"end":{"line":3,"column":55}},"3":{"start":{"line":4,"column":0},"end":{"line":4,"column":19}},"4":{"start":{"line":7,"column":2},"end":{"line":15,"column":4}},"5":{"start":{"line":18,"column":0},"end":{"line":18,"column":19}}},"fnMap":{"0":{"name":"App","decl":{"start":{"line":6,"column":9},"end":{"line":6,"column":12}},"loc":{"start":{"line":6,"column":12},"end":{"line":16,"column":1}}}},"branchMap":{},"s":{"0":1,"1":1,"2":1,"3":1,"4":1,"5":1},"f":{"0":1},"b":{}}
,"/home/ubuntu/commerce-demo/frontend/frontend-app/src/api/products.mock.ts": {"path":"/home/ubuntu/commerce-demo/frontend/frontend-app/src/api/products.mock.ts","statementMap":{"0":{"start":{"line":1,"column":0},"end":{"line":1,"column":26}},"1":{"start":{"line":45,"column":16},"end":{"line":45,"column":39}},"2":{"start":{"line":47,"column":27},"end":{"line":55,"column":1}},"3":{"start":{"line":48,"column":2},"end":{"line":54,"column":3}},"4":{"start":{"line":49,"column":21},"end":{"line":49,"column":63}},"5":{"start":{"line":50,"column":4},"end":{"line":50,"column":25}},"6":{"start":{"line":52,"column":4},"end":{"line":52,"column":53}},"7":{"start":{"line":53,"column":4},"end":{"line":53,"column":14}},"8":{"start":{"line":47,"column":13},"end":{"line":47,"column":27}},"9":{"start":{"line":57,"column":30},"end":{"line":65,"column":1}},"10":{"start":{"line":58,"column":2},"end":{"line":64,"column":3}},"11":{"start":{"line":59,"column":21},"end":{"line":59,"column":69}},"12":{"start":{"line":60,"column":4},"end":{"line":60,"column":25}},"13":{"start":{"line":62,"column":4},"end":{"line":62,"column":58}},"14":{"start":{"line":63,"column":4},"end":{"line":63,"column":16}},"15":{"start":{"line":57,"column":13},"end":{"line":57,"column":30}}},"fnMap":{"0":{"name":"(anonymous_1)","decl":{"start":{"line":47,"column":27},"end":{"line":47,"column":32}},"loc":{"start":{"line":47,"column":58},"end":{"line":55,"column":1}}},"1":{"name":"(anonymous_2)","decl":{"start":{"line":57,"column":30},"end":{"line":57,"column":35}},"loc":{"start":{"line":57,"column":76},"end":{"line":65,"column":1}}}},"branchMap":{},"s":{"0":1,"1":1,"2":1,"3":2,"4":2,"5":1,"6":1,"7":1,"8":1,"9":1,"10":2,"11":2,"12":1,"13":1,"14":1,"15":1},"f":{"0":2,"1":2},"b":{}}
,"/home/ubuntu/commerce-demo/frontend/frontend-app/src/components/ProductCard.tsx": {"path":"/home/ubuntu/commerce-demo/frontend/frontend-app/src/components/ProductCard.tsx","statementMap":{"0":{"start":{"line":1,"column":0},"end":{"line":1,"column":40}},"1":{"start":{"line":3,"column":0},"end":{"line":3,"column":58}},"2":{"start":{"line":4,"column":0},"end":{"line":4,"column":47}},"3":{"start":{"line":5,"column":0},"end":{"line":5,"column":36}},"4":{"start":{"line":11,"column":20},"end":{"line":50,"column":1}},"5":{"start":{"line":12,"column":23},"end":{"line":12,"column":86}},"6":{"start":{"line":12,"column":50},"end":{"line":12,"column":64}},"7":{"start":{"line":14,"column":2},"end":{"line":49,"column":4}},"8":{"start":{"line":52,"column":0},"end":{"line":52,"column":27}}},"fnMap":{"0":{"name":"(anonymous_0)","decl":{"start":{"line":11,"column":20},"end":{"line":11,"column":21}},"loc":{"start":{"line":11,"column":54},"end":{"line":50,"column":1}}},"1":{"name":"(anonymous_1)","decl":{"start":{"line":12,"column":43},"end":{"line":12,"column":46}},"loc":{"start":{"line":12,"column":50},"end":{"line":12,"column":64}}}},"branchMap":{"0":{"loc":{"start":{"line":12,"column":23},"end":{"line":12,"column":86}},"type":"binary-expr","locations":[{"start":{"line":12,"column":23},"end":{"line":12,"column":65}},{"start":{"line":12,"column":69},"end":{"line":12,"column":86}}]},"1":{"loc":{"start":{"line":18,"column":11},"end":{"line":23,"column":null}},"type":"binary-expr","locations":[{"start":{"line":18,"column":11},"end":{"line":18,"column":23}},{"start":{"line":19,"column":12},"end":{"line":22,"column":null}}]},"2":{"loc":{"start":{"line":36,"column":13},"end":{"line":43,"column":null}},"type":"cond-expr","locations":[{"start":{"line":37,"column":14},"end":{"line":40,"column":null}},{"start":{"line":43,"column":14},"end":{"line":43,"column":76}}]}},"s":{"0":3,"1":3,"2":3,"3":3,"4":3,"5":4,"6":4,"7":4,"8":3},"f":{"0":4,"1":4},"b":{"0":[4,0],"1":[4,4],"2":[1,3]}}
,"/home/ubuntu/commerce-demo/frontend/frontend-app/src/components/ProductDetail.tsx": {"path":"/home/ubuntu/commerce-demo/frontend/frontend-app/src/components/ProductDetail.tsx","statementMap":{"0":{"start":{"line":1,"column":0},"end":{"line":1,"column":44}},"1":{"start":{"line":2,"column":0},"end":{"line":2,"column":45}},"2":{"start":{"line":3,"column":0},"end":{"line":3,"column":74}},"3":{"start":{"line":4,"column":0},"end":{"line":4,"column":80}},"4":{"start":{"line":5,"column":0},"end":{"line":5,"column":57}},"5":{"start":{"line":6,"column":0},"end":{"line":6,"column":48}},"6":{"start":{"line":7,"column":0},"end":{"line":7,"column":46}},"7":{"start":{"line":8,"column":0},"end":{"line":8,"column":65}},"8":{"start":{"line":9,"column":0},"end":{"line":9,"column":52}},"9":{"start":{"line":11,"column":22},"end":{"line":382,"column":1}},"10":{"start":{"line":12,"column":24},"end":{"line":12,"column":58}},"11":{"start":{"line":13,"column":32},"end":{"line":13,"column":62}},"12":{"start":{"line":14,"column":32},"end":{"line":14,"column":46}},"13":{"start":{"line":15,"column":48},"end":{"line":15,"column":85}},"14":{"start":{"line":16,"column":44},"end":{"line":16,"column":73}},"15":{"start":{"line":17,"column":34},"end":{"line":17,"column":45}},"16":{"start":{"line":19,"column":2},"end":{"line":45,"column":18}},"17":{"start":{"line":20,"column":25},"end":{"line":42,"column":5}},"18":{"start":{"line":21,"column":6},"end":{"line":21,"column":29}},"19":{"start":{"line":21,"column":22},"end":{"line":21,"column":29}},"20":{"start":{"line":23,"column":6},"end":{"line":23,"column":23}},"21":{"start":{"line":24,"column":26},"end":{"line":24,"column":57}},"22":{"start":{"line":26,"column":6},"end":{"line":39,"column":7}},"23":{"start":{"line":27,"column":8},"end":{"line":27,"column":32}},"24":{"start":{"line":29,"column":8},"end":{"line":31,"column":9}},"25":{"start":{"line":30,"column":10},"end":{"line":30,"column":54}},"26":{"start":{"line":33,"column":29},"end":{"line":33,"column":75}},"27":{"start":{"line":33,"column":60},"end":{"line":33,"column":74}},"28":{"start":{"line":34,"column":8},"end":{"line":38,"column":9}},"29":{"start":{"line":35,"column":10},"end":{"line":35,"column":45}},"30":{"start":{"line":36,"column":15},"end":{"line":38,"column":9}},"31":{"start":{"line":37,"column":10},"end":{"line":37,"column":54}},"32":{"start":{"line":41,"column":6},"end":{"line":41,"column":24}},"33":{"start":{"line":44,"column":4},"end":{"line":44,"column":19}},"34":{"start":{"line":47,"column":30},"end":{"line":49,"column":3}},"35":{"start":{"line":48,"column":4},"end":{"line":48,"column":32}},"36":{"start":{"line":51,"column":28},"end":{"line":53,"column":3}},"37":{"start":{"line":52,"column":4},"end":{"line":52,"column":31}},"38":{"start":{"line":55,"column":31},"end":{"line":59,"column":3}},"39":{"start":{"line":56,"column":4},"end":{"line":58,"column":5}},"40":{"start":{"line":57,"column":6},"end":{"line":57,"column":31}},"41":{"start":{"line":61,"column":26},"end":{"line":71,"column":3}},"42":{"start":{"line":62,"column":4},"end":{"line":62,"column":33}},"43":{"start":{"line":62,"column":26},"end":{"line":62,"column":33}},"44":{"start":{"line":64,"column":4},"end":{"line":68,"column":7}},"45":{"start":{"line":70,"column":4},"end":{"line":70,"column":82}},"46":{"start":{"line":73,"column":2},"end":{"line":96,"column":3}},"47":{"start":{"line":74,"column":4},"end":{"line":95,"column":6}},"48":{"start":{"line":98,"column":2},"end":{"line":105,"column":3}},"49":{"start":{"line":99,"column":4},"end":{"line":104,"column":6}},"50":{"start":{"line":107,"column":2},"end":{"line":381,"column":4}},"51":{"start":{"line":123,"column":14},"end":{"line":124,"column":null}},"52":{"start":{"line":128,"column":31},"end":{"line":128,"column":59}},"53":{"start":{"line":147,"column":18},"end":{"line":148,"column":null}},"54":{"start":{"line":183,"column":40},"end":{"line":183,"column":47}},"55":{"start":{"line":187,"column":64},"end":{"line":187,"column":71}},"56":{"start":{"line":189,"column":22},"end":{"line":190,"column":null}},"57":{"start":{"line":198,"column":42},"end":{"line":198,"column":87}},"58":{"start":{"line":198,"column":69},"end":{"line":198,"column":86}},"59":{"start":{"line":199,"column":26},"end":{"line":199,"column":68}},"60":{"start":{"line":199,"column":39},"end":{"line":199,"column":68}},"61":{"start":{"line":209,"column":40},"end":{"line":209,"column":46}},"62":{"start":{"line":213,"column":64},"end":{"line":213,"column":70}},"63":{"start":{"line":215,"column":22},"end":{"line":216,"column":null}},"64":{"start":{"line":223,"column":42},"end":{"line":223,"column":85}},"65":{"start":{"line":223,"column":69},"end":{"line":223,"column":84}},"66":{"start":{"line":224,"column":26},"end":{"line":224,"column":68}},"67":{"start":{"line":224,"column":39},"end":{"line":224,"column":68}},"68":{"start":{"line":241,"column":33},"end":{"line":241,"column":67}},"69":{"start":{"line":250,"column":33},"end":{"line":250,"column":67}},"70":{"start":{"line":331,"column":40},"end":{"line":331,"column":47}},"71":{"start":{"line":349,"column":22},"end":{"line":349,"column":43}},"72":{"start":{"line":355,"column":32},"end":{"line":356,"column":null}},"73":{"start":{"line":384,"column":0},"end":{"line":384,"column":29}}},"fnMap":{"0":{"name":"(anonymous_0)","decl":{"start":{"line":11,"column":22},"end":{"line":11,"column":25}},"loc":{"start":{"line":11,"column":27},"end":{"line":382,"column":1}}},"1":{"name":"(anonymous_1)","decl":{"start":{"line":19,"column":12},"end":{"line":19,"column":15}},"loc":{"start":{"line":19,"column":17},"end":{"line":45,"column":3}}},"2":{"name":"(anonymous_2)","decl":{"start":{"line":20,"column":25},"end":{"line":20,"column":30}},"loc":{"start":{"line":20,"column":36},"end":{"line":42,"column":5}}},"3":{"name":"(anonymous_3)","decl":{"start":{"line":33,"column":53},"end":{"line":33,"column":56}},"loc":{"start":{"line":33,"column":60},"end":{"line":33,"column":74}}},"4":{"name":"(anonymous_4)","decl":{"start":{"line":47,"column":30},"end":{"line":47,"column":31}},"loc":{"start":{"line":47,"column":58},"end":{"line":49,"column":3}}},"5":{"name":"(anonymous_5)","decl":{"start":{"line":51,"column":28},"end":{"line":51,"column":29}},"loc":{"start":{"line":51,"column":49},"end":{"line":53,"column":3}}},"6":{"name":"(anonymous_6)","decl":{"start":{"line":55,"column":31},"end":{"line":55,"column":32}},"loc":{"start":{"line":55,"column":55},"end":{"line":59,"column":3}}},"7":{"name":"(anonymous_7)","decl":{"start":{"line":61,"column":26},"end":{"line":61,"column":29}},"loc":{"start":{"line":61,"column":31},"end":{"line":71,"column":3}}},"8":{"name":"(anonymous_8)","decl":{"start":{"line":122,"column":32},"end":{"line":122,"column":33}},"loc":{"start":{"line":123,"column":14},"end":{"line":124,"column":null}}},"9":{"name":"(anonymous_9)","decl":{"start":{"line":128,"column":25},"end":{"line":128,"column":28}},"loc":{"start":{"line":128,"column":31},"end":{"line":128,"column":59}}},"10":{"name":"(anonymous_10)","decl":{"start":{"line":146,"column":35},"end":{"line":146,"column":36}},"loc":{"start":{"line":147,"column":18},"end":{"line":148,"column":null}}},"11":{"name":"(anonymous_11)","decl":{"start":{"line":183,"column":35},"end":{"line":183,"column":36}},"loc":{"start":{"line":183,"column":40},"end":{"line":183,"column":47}}},"12":{"name":"(anonymous_12)","decl":{"start":{"line":187,"column":59},"end":{"line":187,"column":60}},"loc":{"start":{"line":187,"column":64},"end":{"line":187,"column":71}}},"13":{"name":"(anonymous_13)","decl":{"start":{"line":188,"column":20},"end":{"line":188,"column":21}},"loc":{"start":{"line":189,"column":22},"end":{"line":190,"column":null}}},"14":{"name":"(anonymous_14)","decl":{"start":{"line":197,"column":33},"end":{"line":197,"column":36}},"loc":{"start":{"line":197,"column":38},"end":{"line":200,"column":25}}},"15":{"name":"(anonymous_15)","decl":{"start":{"line":198,"column":64},"end":{"line":198,"column":65}},"loc":{"start":{"line":198,"column":69},"end":{"line":198,"column":86}}},"16":{"name":"(anonymous_16)","decl":{"start":{"line":209,"column":35},"end":{"line":209,"column":36}},"loc":{"start":{"line":209,"column":40},"end":{"line":209,"column":46}}},"17":{"name":"(anonymous_17)","decl":{"start":{"line":213,"column":59},"end":{"line":213,"column":60}},"loc":{"start":{"line":213,"column":64},"end":{"line":213,"column":70}}},"18":{"name":"(anonymous_18)","decl":{"start":{"line":214,"column":20},"end":{"line":214,"column":21}},"loc":{"start":{"line":215,"column":22},"end":{"line":216,"column":null}}},"19":{"name":"(anonymous_19)","decl":{"start":{"line":222,"column":33},"end":{"line":222,"column":36}},"loc":{"start":{"line":222,"column":38},"end":{"line":225,"column":25}}},"20":{"name":"(anonymous_20)","decl":{"start":{"line":223,"column":64},"end":{"line":223,"column":65}},"loc":{"start":{"line":223,"column":69},"end":{"line":223,"column":84}}},"21":{"name":"(anonymous_21)","decl":{"start":{"line":241,"column":27},"end":{"line":241,"column":30}},"loc":{"start":{"line":241,"column":33},"end":{"line":241,"column":67}}},"22":{"name":"(anonymous_22)","decl":{"start":{"line":250,"column":27},"end":{"line":250,"column":30}},"loc":{"start":{"line":250,"column":33},"end":{"line":250,"column":67}}},"23":{"name":"(anonymous_23)","decl":{"start":{"line":331,"column":33},"end":{"line":331,"column":34}},"loc":{"start":{"line":331,"column":40},"end":{"line":331,"column":47}}},"24":{"name":"(anonymous_24)","decl":{"start":{"line":348,"column":40},"end":{"line":348,"column":41}},"loc":{"start":{"line":349,"column":22},"end":{"line":349,"column":43}}},"25":{"name":"(anonymous_25)","decl":{"start":{"line":354,"column":49},"end":{"line":354,"column":50}},"loc":{"start":{"line":355,"column":32},"end":{"line":356,"column":null}}}},"branchMap":{"0":{"loc":{"start":{"line":21,"column":6},"end":{"line":21,"column":29}},"type":"if","locations":[{"start":{"line":21,"column":6},"end":{"line":21,"column":29}}]},"1":{"loc":{"start":{"line":26,"column":6},"end":{"line":39,"column":7}},"type":"if","locations":[{"start":{"line":26,"column":6},"end":{"line":39,"column":7}}]},"2":{"loc":{"start":{"line":29,"column":8},"end":{"line":31,"column":9}},"type":"if","locations":[{"start":{"line":29,"column":8},"end":{"line":31,"column":9}}]},"3":{"loc":{"start":{"line":29,"column":12},"end":{"line":29,"column":67}},"type":"binary-expr","locations":[{"start":{"line":29,"column":12},"end":{"line":29,"column":32}},{"start":{"line":29,"column":36},"end":{"line":29,"column":67}}]},"4":{"loc":{"start":{"line":34,"column":8},"end":{"line":38,"column":9}},"type":"if","locations":[{"start":{"line":34,"column":8},"end":{"line":38,"column":9}},{"start":{"line":36,"column":15},"end":{"line":38,"column":9}}]},"5":{"loc":{"start":{"line":36,"column":15},"end":{"line":38,"column":9}},"type":"if","locations":[{"start":{"line":36,"column":15},"end":{"line":38,"column":9}}]},"6":{"loc":{"start":{"line":56,"column":4},"end":{"line":58,"column":5}},"type":"if","locations":[{"start":{"line":56,"column":4},"end":{"line":58,"column":5}}]},"7":{"loc":{"start":{"line":62,"column":4},"end":{"line":62,"column":33}},"type":"if","locations":[{"start":{"line":62,"column":4},"end":{"line":62,"column":33}}]},"8":{"loc":{"start":{"line":73,"column":2},"end":{"line":96,"column":3}},"type":"if","locations":[{"start":{"line":73,"column":2},"end":{"line":96,"column":3}}]},"9":{"loc":{"start":{"line":98,"column":2},"end":{"line":105,"column":3}},"type":"if","locations":[{"start":{"line":98,"column":2},"end":{"line":105,"column":3}}]},"10":{"loc":{"start":{"line":113,"column":13},"end":{"line":118,"column":null}},"type":"binary-expr","locations":[{"start":{"line":113,"column":13},"end":{"line":113,"column":26}},{"start":{"line":114,"column":14},"end":{"line":117,"column":null}}]},"11":{"loc":{"start":{"line":126,"column":18},"end":{"line":126,"column":null}},"type":"cond-expr","locations":[{"start":{"line":126,"column":48},"end":{"line":126,"column":67}},{"start":{"line":126,"column":70},"end":{"line":126,"column":null}}]},"12":{"loc":{"start":{"line":150,"column":22},"end":{"line":152,"column":null}},"type":"cond-expr","locations":[{"start":{"line":151,"column":26},"end":{"line":151,"column":59}},{"start":{"line":152,"column":26},"end":{"line":152,"column":null}}]},"13":{"loc":{"start":{"line":164,"column":13},"end":{"line":171,"column":null}},"type":"cond-expr","locations":[{"start":{"line":165,"column":14},"end":{"line":168,"column":null}},{"start":{"line":171,"column":14},"end":{"line":171,"column":85}}]},"14":{"loc":{"start":{"line":183,"column":13},"end":{"line":206,"column":null}},"type":"binary-expr","locations":[{"start":{"line":183,"column":13},"end":{"line":183,"column":48}},{"start":{"line":184,"column":14},"end":{"line":205,"column":null}}]},"15":{"loc":{"start":{"line":192,"column":26},"end":{"line":194,"column":null}},"type":"cond-expr","locations":[{"start":{"line":193,"column":30},"end":{"line":193,"column":49}},{"start":{"line":194,"column":30},"end":{"line":194,"column":null}}]},"16":{"loc":{"start":{"line":199,"column":26},"end":{"line":199,"column":68}},"type":"if","locations":[{"start":{"line":199,"column":26},"end":{"line":199,"column":68}}]},"17":{"loc":{"start":{"line":209,"column":13},"end":{"line":232,"column":null}},"type":"binary-expr","locations":[{"start":{"line":209,"column":13},"end":{"line":209,"column":47}},{"start":{"line":210,"column":14},"end":{"line":231,"column":null}}]},"18":{"loc":{"start":{"line":218,"column":26},"end":{"line":220,"column":null}},"type":"cond-expr","locations":[{"start":{"line":219,"column":30},"end":{"line":219,"column":64}},{"start":{"line":220,"column":30},"end":{"line":220,"column":null}}]},"19":{"loc":{"start":{"line":224,"column":26},"end":{"line":224,"column":68}},"type":"if","locations":[{"start":{"line":224,"column":26},"end":{"line":224,"column":68}}]},"20":{"loc":{"start":{"line":251,"column":28},"end":{"line":251,"column":97}},"type":"cond-expr","locations":[{"start":{"line":251,"column":46},"end":{"line":251,"column":89}},{"start":{"line":251,"column":92},"end":{"line":251,"column":97}}]},"21":{"loc":{"start":{"line":255,"column":17},"end":{"line":258,"column":null}},"type":"binary-expr","locations":[{"start":{"line":255,"column":17},"end":{"line":255,"column":32}},{"start":{"line":256,"column":18},"end":{"line":257,"column":null}}]},"22":{"loc":{"start":{"line":267,"column":26},"end":{"line":267,"column":83}},"type":"binary-expr","locations":[{"start":{"line":267,"column":26},"end":{"line":267,"column":42}},{"start":{"line":267,"column":46},"end":{"line":267,"column":83}}]},"23":{"loc":{"start":{"line":320,"column":23},"end":{"line":320,"column":52}},"type":"binary-expr","locations":[{"start":{"line":320,"column":23},"end":{"line":320,"column":43}},{"start":{"line":320,"column":47},"end":{"line":320,"column":52}}]},"24":{"loc":{"start":{"line":328,"column":23},"end":{"line":334,"column":43}},"type":"binary-expr","locations":[{"start":{"line":328,"column":23},"end":{"line":334,"column":34}},{"start":{"line":334,"column":38},"end":{"line":334,"column":43}}]},"25":{"loc":{"start":{"line":345,"column":19},"end":{"line":372,"column":null}},"type":"cond-expr","locations":[{"start":{"line":346,"column":20},"end":{"line":346,"column":79}},{"start":{"line":348,"column":20},"end":{"line":372,"column":22}}]},"26":{"loc":{"start":{"line":358,"column":36},"end":{"line":360,"column":null}},"type":"cond-expr","locations":[{"start":{"line":359,"column":40},"end":{"line":359,"column":73}},{"start":{"line":360,"column":40},"end":{"line":360,"column":null}}]}},"s":{"0":2,"1":2,"2":2,"3":2,"4":2,"5":2,"6":2,"7":2,"8":2,"9":2,"10":5,"11":5,"12":5,"13":5,"14":5,"15":5,"16":5,"17":3,"18":3,"19":0,"20":3,"21":3,"22":2,"23":1,"24":1,"25":1,"26":1,"27":1,"28":1,"29":1,"30":0,"31":0,"32":2,"33":3,"34":5,"35":0,"36":5,"37":0,"38":5,"39":0,"40":0,"41":5,"42":0,"43":0,"44":0,"45":0,"46":5,"47":3,"48":2,"49":1,"50":1,"51":2,"52":0,"53":5,"54":1,"55":1,"56":1,"57":0,"58":0,"59":0,"60":0,"61":1,"62":1,"63":1,"64":0,"65":0,"66":0,"67":0,"68":0,"69":0,"70":1,"71":1,"72":5,"73":2},"f":{"0":5,"1":3,"2":3,"3":1,"4":0,"5":0,"6":0,"7":0,"8":2,"9":0,"10":5,"11":1,"12":1,"13":1,"14":0,"15":0,"16":1,"17":1,"18":1,"19":0,"20":0,"21":0,"22":0,"23":1,"24":1,"25":5},"b":{"0":[0],"1":[1],"2":[1],"3":[1,1],"4":[1,0],"5":[0],"6":[0],"7":[0],"8":[3],"9":[1],"10":[1,1],"11":[1,1],"12":[4,1],"13":[0,1],"14":[1,1],"15":[1,0],"16":[0],"17":[1,1],"18":[1,0],"19":[0],"20":[1,0],"21":[1,1],"22":[1,1],"23":[1,0],"24":[1,0],"25":[0,1],"26":[5,0]}}
,"/home/ubuntu/commerce-demo/frontend/frontend-app/src/hooks/use-mobile.tsx": {"path":"/home/ubuntu/commerce-demo/frontend/frontend-app/src/hooks/use-mobile.tsx","statementMap":{"0":{"start":{"line":5,"column":0},"end":{"line":5,"column":16}},"1":{"start":{"line":1,"column":0},"end":{"line":1,"column":30}},"2":{"start":{"line":3,"column":26},"end":{"line":3,"column":29}},"3":{"start":{"line":6,"column":34},"end":{"line":6,"column":80}},"4":{"start":{"line":8,"column":2},"end":{"line":16,"column":null}},"5":{"start":{"line":9,"column":16},"end":{"line":9,"column":76}},"6":{"start":{"line":10,"column":21},"end":{"line":12,"column":5}},"7":{"start":{"line":11,"column":6},"end":{"line":11,"column":null}},"8":{"start":{"line":13,"column":4},"end":{"line":13,"column":null}},"9":{"start":{"line":14,"column":4},"end":{"line":14,"column":null}},"10":{"start":{"line":15,"column":4},"end":{"line":15,"column":null}},"11":{"start":{"line":15,"column":17},"end":{"line":15,"column":60}},"12":{"start":{"line":18,"column":2},"end":{"line":18,"column":null}}},"fnMap":{"0":{"name":"useIsMobile","decl":{"start":{"line":5,"column":16},"end":{"line":5,"column":27}},"loc":{"start":{"line":5,"column":27},"end":{"line":19,"column":1}}},"1":{"name":"(anonymous_7)","decl":{"start":{"line":8,"column":18},"end":{"line":8,"column":21}},"loc":{"start":{"line":8,"column":23},"end":{"line":16,"column":3}}},"2":{"name":"(anonymous_8)","decl":{"start":{"line":10,"column":21},"end":{"line":10,"column":24}},"loc":{"start":{"line":10,"column":26},"end":{"line":12,"column":5}}},"3":{"name":"(anonymous_9)","decl":{"start":{"line":15,"column":11},"end":{"line":15,"column":14}},"loc":{"start":{"line":15,"column":17},"end":{"line":15,"column":60}}}},"branchMap":{},"s":{"0":1,"1":1,"2":1,"3":4,"4":4,"5":2,"6":2,"7":0,"8":2,"9":2,"10":2,"11":2,"12":4},"f":{"0":4,"1":2,"2":0,"3":2},"b":{}}
,"/home/ubuntu/commerce-demo/frontend/frontend-app/src/lib/utils.ts": {"path":"/home/ubuntu/commerce-demo/frontend/frontend-app/src/lib/utils.ts","statementMap":{"0":{"start":{"line":4,"column":0},"end":{"line":4,"column":16}},"1":{"start":{"line":1,"column":0},"end":{"line":1,"column":44}},"2":{"start":{"line":2,"column":0},"end":{"line":2,"column":40}},"3":{"start":{"line":5,"column":2},"end":{"line":5,"column":null}}},"fnMap":{"0":{"name":"cn","decl":{"start":{"line":4,"column":16},"end":{"line":4,"column":18}},"loc":{"start":{"line":4,"column":42},"end":{"line":6,"column":1}}}},"branchMap":{},"s":{"0":8,"1":8,"2":8,"3":147},"f":{"0":147},"b":{}}
,"/home/ubuntu/commerce-demo/frontend/frontend-app/src/pages/ProductListPage.tsx": {"path":"/home/ubuntu/commerce-demo/frontend/frontend-app/src/pages/ProductListPage.tsx","statementMap":{"0":{"start":{"line":1,"column":0},"end":{"line":1,"column":44}},"1":{"start":{"line":2,"column":0},"end":{"line":2,"column":55}},"2":{"start":{"line":3,"column":0},"end":{"line":3,"column":52}},"3":{"start":{"line":4,"column":0},"end":{"line":4,"column":53}},"4":{"start":{"line":6,"column":24},"end":{"line":52,"column":1}},"5":{"start":{"line":7,"column":34},"end":{"line":7,"column":57}},"6":{"start":{"line":8,"column":32},"end":{"line":8,"column":46}},"7":{"start":{"line":10,"column":2},"end":{"line":19,"column":9}},"8":{"start":{"line":11,"column":26},"end":{"line":16,"column":5}},"9":{"start":{"line":12,"column":6},"end":{"line":12,"column":23}},"10":{"start":{"line":13,"column":19},"end":{"line":13,"column":38}},"11":{"start":{"line":14,"column":6},"end":{"line":14,"column":24}},"12":{"start":{"line":15,"column":6},"end":{"line":15,"column":24}},"13":{"start":{"line":18,"column":4},"end":{"line":18,"column":20}},"14":{"start":{"line":21,"column":2},"end":{"line":36,"column":3}},"15":{"start":{"line":22,"column":4},"end":{"line":35,"column":6}},"16":{"start":{"line":27,"column":12},"end":{"line":27,"column":25}},"17":{"start":{"line":38,"column":2},"end":{"line":51,"column":4}},"18":{"start":{"line":46,"column":12},"end":{"line":46,"column":42}},"19":{"start":{"line":54,"column":0},"end":{"line":54,"column":31}}},"fnMap":{"0":{"name":"(anonymous_1)","decl":{"start":{"line":6,"column":24},"end":{"line":6,"column":27}},"loc":{"start":{"line":6,"column":29},"end":{"line":52,"column":1}}},"1":{"name":"(anonymous_2)","decl":{"start":{"line":10,"column":12},"end":{"line":10,"column":15}},"loc":{"start":{"line":10,"column":17},"end":{"line":19,"column":3}}},"2":{"name":"(anonymous_3)","decl":{"start":{"line":11,"column":26},"end":{"line":11,"column":31}},"loc":{"start":{"line":11,"column":37},"end":{"line":16,"column":5}}},"3":{"name":"(anonymous_4)","decl":{"start":{"line":26,"column":29},"end":{"line":26,"column":30}},"loc":{"start":{"line":27,"column":12},"end":{"line":27,"column":25}}},"4":{"name":"(anonymous_5)","decl":{"start":{"line":45,"column":24},"end":{"line":45,"column":25}},"loc":{"start":{"line":46,"column":12},"end":{"line":46,"column":42}}}},"branchMap":{"0":{"loc":{"start":{"line":21,"column":2},"end":{"line":36,"column":3}},"type":"if","locations":[{"start":{"line":21,"column":2},"end":{"line":36,"column":3}}]},"1":{"loc":{"start":{"line":41,"column":7},"end":{"line":48,"column":null}},"type":"cond-expr","locations":[{"start":{"line":42,"column":8},"end":{"line":42,"column":70}},{"start":{"line":44,"column":8},"end":{"line":47,"column":null}}]}},"s":{"0":2,"1":2,"2":2,"3":2,"4":2,"5":5,"6":5,"7":5,"8":3,"9":3,"10":3,"11":2,"12":2,"13":3,"14":5,"15":3,"16":24,"17":2,"18":2,"19":2},"f":{"0":5,"1":3,"2":3,"3":24,"4":2},"b":{"0":[3],"1":[1,1]}}
}
