TN:
SF:src/App.tsx
FN:6,App
FNF:1
FNH:1
FNDA:1,App
DA:1,1
DA:2,1
DA:3,1
DA:4,1
DA:7,1
DA:18,1
LF:6
LH:6
BRF:0
BRH:0
end_of_record
TN:
SF:src/api/products.mock.ts
FN:47,(anonymous_1)
FN:57,(anonymous_2)
FNF:2
FNH:2
FNDA:2,(anonymous_1)
FNDA:2,(anonymous_2)
DA:1,1
DA:45,1
DA:47,1
DA:48,2
DA:49,2
DA:50,1
DA:52,1
DA:53,1
DA:57,1
DA:58,2
DA:59,2
DA:60,1
DA:62,1
DA:63,1
LF:14
LH:14
BRF:0
BRH:0
end_of_record
TN:
SF:src/components/ProductCard.tsx
FN:11,(anonymous_0)
FN:12,(anonymous_1)
FNF:2
FNH:2
FNDA:4,(anonymous_0)
FNDA:4,(anonymous_1)
DA:1,3
DA:3,3
DA:4,3
DA:5,3
DA:11,3
DA:12,4
DA:14,4
DA:52,3
LF:8
LH:8
BRDA:12,0,0,4
BRDA:12,0,1,0
BRDA:18,1,0,4
BRDA:18,1,1,4
BRDA:36,2,0,1
BRDA:36,2,1,3
BRF:6
BRH:5
end_of_record
TN:
SF:src/components/ProductDetail.tsx
FN:11,(anonymous_0)
FN:19,(anonymous_1)
FN:20,(anonymous_2)
FN:33,(anonymous_3)
FN:47,(anonymous_4)
FN:51,(anonymous_5)
FN:55,(anonymous_6)
FN:61,(anonymous_7)
FN:122,(anonymous_8)
FN:128,(anonymous_9)
FN:146,(anonymous_10)
FN:183,(anonymous_11)
FN:187,(anonymous_12)
FN:188,(anonymous_13)
FN:197,(anonymous_14)
FN:198,(anonymous_15)
FN:209,(anonymous_16)
FN:213,(anonymous_17)
FN:214,(anonymous_18)
FN:222,(anonymous_19)
FN:223,(anonymous_20)
FN:241,(anonymous_21)
FN:250,(anonymous_22)
FN:331,(anonymous_23)
FN:348,(anonymous_24)
FN:354,(anonymous_25)
FNF:26
FNH:15
FNDA:5,(anonymous_0)
FNDA:3,(anonymous_1)
FNDA:3,(anonymous_2)
FNDA:1,(anonymous_3)
FNDA:0,(anonymous_4)
FNDA:0,(anonymous_5)
FNDA:0,(anonymous_6)
FNDA:0,(anonymous_7)
FNDA:2,(anonymous_8)
FNDA:0,(anonymous_9)
FNDA:5,(anonymous_10)
FNDA:1,(anonymous_11)
FNDA:1,(anonymous_12)
FNDA:1,(anonymous_13)
FNDA:0,(anonymous_14)
FNDA:0,(anonymous_15)
FNDA:1,(anonymous_16)
FNDA:1,(anonymous_17)
FNDA:1,(anonymous_18)
FNDA:0,(anonymous_19)
FNDA:0,(anonymous_20)
FNDA:0,(anonymous_21)
FNDA:0,(anonymous_22)
FNDA:1,(anonymous_23)
FNDA:1,(anonymous_24)
FNDA:5,(anonymous_25)
DA:1,2
DA:2,2
DA:3,2
DA:4,2
DA:5,2
DA:6,2
DA:7,2
DA:8,2
DA:9,2
DA:11,2
DA:12,5
DA:13,5
DA:14,5
DA:15,5
DA:16,5
DA:17,5
DA:19,5
DA:20,3
DA:21,3
DA:23,3
DA:24,3
DA:26,2
DA:27,1
DA:29,1
DA:30,1
DA:33,1
DA:34,1
DA:35,1
DA:36,0
DA:37,0
DA:41,2
DA:44,3
DA:47,5
DA:48,0
DA:51,5
DA:52,0
DA:55,5
DA:56,0
DA:57,0
DA:61,5
DA:62,0
DA:64,0
DA:70,0
DA:73,5
DA:74,3
DA:98,2
DA:99,1
DA:107,1
DA:123,2
DA:128,0
DA:147,5
DA:183,1
DA:187,1
DA:189,1
DA:198,0
DA:199,0
DA:209,1
DA:213,1
DA:215,1
DA:223,0
DA:224,0
DA:241,0
DA:250,0
DA:331,1
DA:349,1
DA:355,5
DA:384,2
LF:67
LH:51
BRDA:21,0,0,0
BRDA:26,1,0,1
BRDA:29,2,0,1
BRDA:29,3,0,1
BRDA:29,3,1,1
BRDA:34,4,0,1
BRDA:34,4,1,0
BRDA:36,5,0,0
BRDA:56,6,0,0
BRDA:62,7,0,0
BRDA:73,8,0,3
BRDA:98,9,0,1
BRDA:113,10,0,1
BRDA:113,10,1,1
BRDA:126,11,0,1
BRDA:126,11,1,1
BRDA:150,12,0,4
BRDA:150,12,1,1
BRDA:164,13,0,0
BRDA:164,13,1,1
BRDA:183,14,0,1
BRDA:183,14,1,1
BRDA:192,15,0,1
BRDA:192,15,1,0
BRDA:199,16,0,0
BRDA:209,17,0,1
BRDA:209,17,1,1
BRDA:218,18,0,1
BRDA:218,18,1,0
BRDA:224,19,0,0
BRDA:251,20,0,1
BRDA:251,20,1,0
BRDA:255,21,0,1
BRDA:255,21,1,1
BRDA:267,22,0,1
BRDA:267,22,1,1
BRDA:320,23,0,1
BRDA:320,23,1,0
BRDA:328,24,0,1
BRDA:328,24,1,0
BRDA:345,25,0,0
BRDA:345,25,1,1
BRDA:358,26,0,5
BRDA:358,26,1,0
BRF:44
BRH:29
end_of_record
TN:
SF:src/hooks/use-mobile.tsx
FN:5,useIsMobile
FN:8,(anonymous_7)
FN:10,(anonymous_8)
FN:15,(anonymous_9)
FNF:4
FNH:3
FNDA:4,useIsMobile
FNDA:2,(anonymous_7)
FNDA:0,(anonymous_8)
FNDA:2,(anonymous_9)
DA:1,1
DA:3,1
DA:5,1
DA:6,4
DA:8,4
DA:9,2
DA:10,2
DA:11,0
DA:13,2
DA:14,2
DA:15,2
DA:18,4
LF:12
LH:11
BRF:0
BRH:0
end_of_record
TN:
SF:src/lib/utils.ts
FN:4,cn
FNF:1
FNH:1
FNDA:147,cn
DA:1,8
DA:2,8
DA:4,8
DA:5,147
LF:4
LH:4
BRF:0
BRH:0
end_of_record
TN:
SF:src/pages/ProductListPage.tsx
FN:6,(anonymous_1)
FN:10,(anonymous_2)
FN:11,(anonymous_3)
FN:26,(anonymous_4)
FN:45,(anonymous_5)
FNF:5
FNH:5
FNDA:5,(anonymous_1)
FNDA:3,(anonymous_2)
FNDA:3,(anonymous_3)
FNDA:24,(anonymous_4)
FNDA:2,(anonymous_5)
DA:1,2
DA:2,2
DA:3,2
DA:4,2
DA:6,2
DA:7,5
DA:8,5
DA:10,5
DA:11,3
DA:12,3
DA:13,3
DA:14,2
DA:15,2
DA:18,3
DA:21,5
DA:22,3
DA:27,24
DA:38,2
DA:46,2
DA:54,2
LF:20
LH:20
BRDA:21,0,0,3
BRDA:41,1,0,1
BRDA:41,1,1,1
BRF:3
BRH:3
end_of_record
